Sat, 27 Mar 2010 16:45:34 +0100 Sending Application received for Position of test  - FAILED 
Reason: No receipients
Sat, 27 Mar 2010 16:45:35 +0100 Sending Application for Position of test 
eos@synopsis-erp.com - SUCCEEDED
Sat, 27 Mar 2010 16:46:54 +0100 Sending Application received for Position of Maintenance Engineer  - FAILED 
Reason: No receipients
Sat, 27 Mar 2010 16:46:54 +0100 Sending Application for Position of Maintenance Engineer 
eos@synopsis-erp.com - SUCCEEDED
Interviewing manager 1 does not have email address.
Sat, 27 Mar 2010 16:54:06 +0100 Sending Application for Position of test 
eos@synopsis-erp.com - SUCCEEDED
Interviewing manager 1 does not have email address.
Sat, 27 Mar 2010 16:55:45 +0100 Sending Application for Position of test 
eos@synopsis-erp.com - SUCCEEDED
Interviewing manager 1 does not have email address.
Sat, 27 Mar 2010 16:58:21 +0100 Sending Seeking approval to hire applicant for Position of Maintenance Engineer  - FAILED 
Reason: No receipients
Sat, 27 Mar 2010 17:00:10 +0100 Sending Approved hiring of applicant for Position of Maintenance Engineer  - FAILED 
Reason: No receipients
Sat, 27 Mar 2010 20:06:00 +0100 Sending Leave Notification - LE FEVRE Jean-Marc applied for 0 day(s) to

CC to
eos@synopsis-erp.com
eos@synopsis-erp.com - FAILED 
Reason: 538 5.7.0 Encryption required for requested authentication mechanism

Sat, 27 Mar 2010 20:06:00 +0100 Sending Leave Notification - Assigned 0 day(s) to

CC to
eos@synopsis-erp.com
eos@synopsis-erp.com - FAILED 
Reason: 538 5.7.0 Encryption required for requested authentication mechanism

Sat, 27 Mar 2010 20:06:25 +0100 Sending Leave Notification - LE FEVRE Jean-Marc applied for 8 day(s) to

CC to
eos@synopsis-erp.com
eos@synopsis-erp.com - FAILED 
Reason: 538 5.7.0 Encryption required for requested authentication mechanism

Sat, 27 Mar 2010 20:06:25 +0100 Sending Leave Notification - Assigned 8 day(s) to

CC to
eos@synopsis-erp.com
eos@synopsis-erp.com - FAILED 
Reason: 538 5.7.0 Encryption required for requested authentication mechanism

Sat, 27 Mar 2010 20:36:08 +0100 Sending Leave Notification - LE FEVRE Jean-Marc applied for 41 day(s) to

CC to
eos@synopsis-erp.com
eos@synopsis-erp.com - FAILED 
Reason: 538 5.7.0 Encryption required for requested authentication mechanism

Sat, 27 Mar 2010 20:37:32 +0100 Sending Leave Notification - LE FEVRE Jean-Marc cancelled leave for 41 day(s) to

CC to
eos@synopsis-erp.com - FAILED 
Reason: 538 5.7.0 Encryption required for requested authentication mechanism

Sat, 27 Mar 2010 20:37:55 +0100 Sending Leave Notification - LE FEVRE Jean-Marc applied for 43 day(s) to

CC to
eos@synopsis-erp.com
eos@synopsis-erp.com - FAILED 
Reason: 538 5.7.0 Encryption required for requested authentication mechanism

Sat, 27 Mar 2010 20:38:51 +0100 Sending Leave Notification - Approved 43 day(s) to

CC to
eos@synopsis-erp.com
eos@synopsis-erp.com - FAILED 
Reason: 538 5.7.0 Encryption required for requested authentication mechanism

Sat, 27 Mar 2010 20:42:05 +0100 Sending Leave Notification - LE FEVRE Jean-Marc applied for 108 day(s) to

CC to
eos@synopsis-erp.com
eos@synopsis-erp.com - FAILED 
Reason: 538 5.7.0 Encryption required for requested authentication mechanism

Sat, 27 Mar 2010 20:43:00 +0100 Sending Leave Notification - Approved 108 day(s) to

CC to
eos@synopsis-erp.com
eos@synopsis-erp.com - FAILED 
Reason: 538 5.7.0 Encryption required for requested authentication mechanism

Sat, 27 Mar 2010 20:47:07 +0100 Sending Leave Notification - LE FEVRE Jean-Marc applied for 14 day(s) to

CC to
eos@synopsis-erp.com
eos@synopsis-erp.com - FAILED 
Reason: 538 5.7.0 Encryption required for requested authentication mechanism

Sat, 27 Mar 2010 22:38:31 +0100 Sending Leave Notification - Approved 14 day(s) to

CC to
eos@synopsis-erp.com
eos@synopsis-erp.com - FAILED 
Reason: 538 5.7.0 Encryption required for requested authentication mechanism

Sat, 27 Mar 2010 23:09:13 +0100 Sending Test Email Using SendMail to Email de test Succeeded 
Sat, 27 Mar 2010 23:09:34 +0100 Sending Test Email Using SendMail to Email de test Succeeded 
Sat, 27 Mar 2010 23:10:36 +0100 Sending Test Email Using SendMail to Email de test Succeeded 
Sat, 27 Mar 2010 23:10:59 +0100 Sending Test Email Using SendMail to Email de test Succeeded 
Sat, 27 Mar 2010 23:11:24 +0100 Sending Test Email Using SendMail to Email de test Succeeded 
Sat, 27 Mar 2010 23:16:39 +0100 Sending Test Email Using SendMail to Email de test Succeeded 
Sat, 27 Mar 2010 23:17:05 +0100 Sending Test Email Using SendMail to Email de test Succeeded 
Sat, 27 Mar 2010 23:17:47 +0100 Sending Test Email Using SendMail to eos@synopsis-erp.com Succeeded 
Sat, 27 Mar 2010 23:18:22 +0100 Sending Test Email Using SendMail to eos@synopsis-erp.com Succeeded 
Sat, 27 Mar 2010 23:20:03 +0100 Sending Test Email Using SendMail to eos@synopsis-erp.com Succeeded 
Sat, 27 Mar 2010 23:21:47 +0100 Sending Test Email Using SendMail to eos@synopsis-erp.com Succeeded 
Sat, 27 Mar 2010 23:23:21 +0100 Sending Test Email Using SendMail to eos@synopsis-erp.com Succeeded 
Sat, 27 Mar 2010 23:25:01 +0100 Sending Test Email Using SendMail to eos@synopsis-erp.com Succeeded 
Sat, 27 Mar 2010 23:25:22 +0100 Sending Test Email Using SendMail to eos@synopsis-erp.com Succeeded 
Sat, 27 Mar 2010 23:25:46 +0100 Sending Test Email Using SendMail to eos@synopsis-erp.com Succeeded 
Sat, 27 Mar 2010 23:26:08 +0100 Sending Test Email Using SendMail to eos@synopsis-erp.com Succeeded 
Sat, 27 Mar 2010 23:26:09 +0100 Sending Test Email Using SendMail to eos@synopsis-erp.com Succeeded 
Sat, 27 Mar 2010 23:26:29 +0100 Sending Test Email Using SMTP to eos@synopsis-erp.com Failed 
 Reason: 538 5.7.0 Encryption required for requested authentication mechanism
 
Sat, 27 Mar 2010 23:27:14 +0100 Sending Test Email Using SMTP to eos@synopsis-erp.com Failed 
 Reason: 538 5.7.0 Encryption required for requested authentication mechanism
 
Sat, 27 Mar 2010 23:29:15 +0100 Sending Test Email Using SMTP to eos@synopsis-erp.com Succeeded 
Sat, 27 Mar 2010 23:30:21 +0100 Sending Test Email Using SMTP to eos@synopsis-erp.com Succeeded 
Sat, 27 Mar 2010 23:30:43 +0100 Sending Test Email Using SMTP to eos@synopsis-erp.com Succeeded 
Sat, 27 Mar 2010 23:31:19 +0100 Sending Leave Notification - LE FEVRE Jean-Marc cancelled leave for 43 day(s) to

CC to
eos@synopsis-erp.com
eos@synopsis-erp.com
eos@synopsis-erp.com - FAILED 
Reason: 538 5.7.0 Encryption required for requested authentication mechanism

Sat, 27 Mar 2010 23:35:11 +0100 Sending Leave Notification - Rejected 8 day(s) to

CC to
eos@synopsis-erp.com
eos@synopsis-erp.com
eos@synopsis-erp.com - FAILED 
Reason: 538 5.7.0 Encryption required for requested authentication mechanism

Sat, 27 Mar 2010 23:35:24 +0100 Sending Leave Notification - Rejected 108 day(s) to

CC to
eos@synopsis-erp.com
eos@synopsis-erp.com
eos@synopsis-erp.com - FAILED 
Reason: 538 5.7.0 Encryption required for requested authentication mechanism

Sat, 27 Mar 2010 23:35:49 +0100 Sending Leave Notification - Cancelled leave for 8 day(s) to

CC to
eos@synopsis-erp.com
eos@synopsis-erp.com
eos@synopsis-erp.com - FAILED 
Reason: 538 5.7.0 Encryption required for requested authentication mechanism

Sat, 27 Mar 2010 23:35:49 +0100 Sending Leave Notification - Cancelled leave for 8 day(s) to

CC to
eos@synopsis-erp.com
eos@synopsis-erp.com
eos@synopsis-erp.com - FAILED 
Reason: 538 5.7.0 Encryption required for requested authentication mechanism

Sat, 27 Mar 2010 23:35:49 +0100 Sending Leave Notification - Cancelled leave for 0 day(s) to

CC to
eos@synopsis-erp.com
eos@synopsis-erp.com
eos@synopsis-erp.com - FAILED 
Reason: 538 5.7.0 Encryption required for requested authentication mechanism

Sat, 27 Mar 2010 23:36:17 +0100 Sending Leave Notification - LE FEVRE Jean-Marc applied for 2 day(s) to

CC to
eos@synopsis-erp.com
eos@synopsis-erp.com - FAILED 
Reason: 538 5.7.0 Encryption required for requested authentication mechanism

Sat, 27 Mar 2010 23:49:45 +0100 Sending Leave Notification - demo demo applied for 3 day(s) to

CC to
eos@synopsis-erp.com
eos@synopsis-erp.com - FAILED 
Reason: 538 5.7.0 Encryption required for requested authentication mechanism

Sat, 27 Mar 2010 23:49:45 +0100 Sending Leave Notification - Assigned 3 day(s) to

CC to
eos@synopsis-erp.com
eos@synopsis-erp.com - FAILED 
Reason: 538 5.7.0 Encryption required for requested authentication mechanism

Sun, 28 Mar 2010 00:04:55 +0100 Sending Leave Notification - LE FEVRE Jean-Marc applied for 2 day(s) to
eos@synopsis-erp.com
eos@synopsis-erp.com
CC to
eos@synopsis-erp.com
eos@synopsis-erp.com - FAILED 
Reason: 538 5.7.0 Encryption required for requested authentication mechanism

Sun, 28 Mar 2010 00:05:35 +0100 Sending Leave Notification - demo demo applied for 2 day(s) to
eos@synopsis-erp.com
CC to
eos@synopsis-erp.com
eos@synopsis-erp.com - FAILED 
Reason: 538 5.7.0 Encryption required for requested authentication mechanism

Sun, 28 Mar 2010 00:05:35 +0100 Sending Leave Notification - Assigned 2 day(s) to
eos@etatcritik.dyndns.org
CC to
eos@synopsis-erp.com
eos@synopsis-erp.com - FAILED 
Reason: 538 5.7.0 Encryption required for requested authentication mechanism

Sun, 28 Mar 2010 00:11:08 +0100 Sending Leave Notification - demo demo applied for 2 day(s) to
eos@synopsis-erp.com
CC to
eos@synopsis-erp.com
eos@synopsis-erp.com - FAILED 
Reason: none is unsupported SSL type
Sun, 28 Mar 2010 00:11:08 +0100 Sending Leave Notification - Assigned 2 day(s) to
eos@etatcritik.dyndns.org
CC to
eos@synopsis-erp.com
eos@synopsis-erp.com - FAILED 
Reason: none is unsupported SSL type
Sun, 28 Mar 2010 00:11:47 +0100 Sending Leave Notification - LE FEVRE Jean-Marc cancelled leave for 2 day(s) to
CC to
eos@synopsis-erp.com
eos@synopsis-erp.com
eos@synopsis-erp.com - FAILED 
Reason: No to address set
Sun, 28 Mar 2010 00:14:04 +0100 Sending Leave Notification - LE FEVRE Jean-Marc cancelled leave for 2 day(s) to
CC to
eos@synopsis-erp.com
eos@synopsis-erp.com
eos@synopsis-erp.com - FAILED 
Reason: No to address set
Sun, 28 Mar 2010 00:30:16 +0100 Sending  to
CC to
eos@synopsis-erp.com
eos@synopsis-erp.com - FAILED 
Reason: No to address set
Sun, 28 Mar 2010 00:33:33 +0100 Sending Leave Notification - demo demo applied for 0 day(s) to
eos@synopsis-erp.com
CC to
eos@synopsis-erp.com
eos@synopsis-erp.com - SUCCEEDED
Sun, 28 Mar 2010 00:33:34 +0100 Sending Leave Notification - Assigned 0 day(s) to
eos@etatcritik.dyndns.org
CC to
eos@synopsis-erp.com
eos@synopsis-erp.com - SUCCEEDED
Sun, 28 Mar 2010 00:50:17 +0100 Sending Notification d'absence - demo demo pour 1 jour(s) to
eos@synopsis-erp.com
CC to
eos@synopsis-erp.com
eos@synopsis-erp.com - SUCCEEDED
Sun, 28 Mar 2010 00:50:17 +0100 Sending Notification d'absence - OK pour 1 jour(s) to
eos@etatcritik.dyndns.org
CC to
eos@synopsis-erp.com
eos@synopsis-erp.com - SUCCEEDED
Sun, 28 Mar 2010 00:58:53 +0100 Sending Notification d'absence - demo demo pour 2 jour(s) to
eos@synopsis-erp.com
CC to
eos@synopsis-erp.com
eos@synopsis-erp.com - SUCCEEDED
Sun, 28 Mar 2010 00:58:54 +0100 Sending Notification d'absence - OK pour 2 jour(s) to
eos@etatcritik.dyndns.org
CC to
eos@synopsis-erp.com
eos@synopsis-erp.com - SUCCEEDED
Sun, 28 Mar 2010 01:02:09 +0100 Sending Notification d'absence - demo demo pour 2 jour(s) to
eos@synopsis-erp.com
CC to
eos@synopsis-erp.com
eos@synopsis-erp.com - SUCCEEDED
Sun, 28 Mar 2010 01:02:09 +0100 Sending Notification d'absence - OK pour 2 jour(s) to
eos@etatcritik.dyndns.org
CC to
eos@synopsis-erp.com
eos@synopsis-erp.com - SUCCEEDED
Sun, 28 Mar 2010 01:04:18 +0100 Sending Application received for Position of Maintenance Engineer 
eos@synopsis-erp.com
eos@synopsis-erp.com
eos@synopsis-erp.com
eos@synopsis-erp.com - SUCCEEDED
Sun, 28 Mar 2010 01:04:19 +0100 Sending Application for Position of Maintenance Engineer 
eos@synopsis-erp.com - SUCCEEDED
Sun, 28 Mar 2010 12:43:00 +0200 Sending Notification d'absence - demo demo pour 18 jour(s) to
eos@synopsis-erp.com
eos@synopsis-erp.com
CC to
eos@synopsis-erp.com
eos@synopsis-erp.com - SUCCEEDED
Sun, 28 Mar 2010 12:43:01 +0200 Sending Notification d'absence - OK pour 18 jour(s) to
eos@etatcritik.dyndns.org
CC to
eos@synopsis-erp.com
eos@synopsis-erp.com - SUCCEEDED
Sun, 28 Mar 2010 13:50:22 +0200 Sending  to
CC to
eos@synopsis-erp.com
eos@synopsis-erp.com - FAILED 
Reason: No to address set
Sun, 28 Mar 2010 13:51:11 +0200 Sending  to
CC to
eos@synopsis-erp.com
eos@synopsis-erp.com - FAILED 
Reason: No to address set
Sun, 04 Apr 2010 17:49:53 +0200 Sending Interview Test test for the position of Maintenance Engineer 
LE FEVRE Jean-Marc<eos@synopsis-erp.com> - SUCCEEDED
Fri, 02 Nov 2012 21:08:42 +0100 Sending Notification d'absence - un employer pour 4 jour(s) to - FAILED 
Reason: No to address set
Fri, 02 Nov 2012 21:08:42 +0100 Sending Notification d'absence - OK pour 4 jour(s) to
 - FAILED 
Reason: Connection refused
